Using pre-set license
Built from '2020.3/release' branch; Version is '2020.3.1f1 (77a89f25062f) revision 7841951'; Using compiler version '192528614'; Build Type 'Release'
OS: 'Windows 10 Home; OS build 19042.985; Version 2009; 64bit' Language: 'en' Physical Memory: 32714 MB
BatchMode: 1, IsHumanControllingUs: 0, StartBugReporterOnCrash: 0, Is64bit: 1, IsPro: 0

 COMMAND LINE ARGUMENTS:
E:\UnityEditors\2020.3.1f1\Editor\Unity.exe
-adb2
-batchMode
-noUpm
-name
AssetImportWorker0
-projectPath
E:/NetScene
-logFile
Logs/AssetImportWorker0.log
-srvPort
62939
Successfully changed project path to: E:/NetScene
E:/NetScene
Using Asset Import Pipeline V2.
Refreshing native plugins compatible for Editor in 24.62 ms, found 0 plugins.
Preloading 0 native plugins for Editor in 0.00 ms.
Initialize engine version: 2020.3.1f1 (77a89f25062f)
[Subsystems] Discovering subsystems at path E:/UnityEditors/2020.3.1f1/Editor/Data/Resources/UnitySubsystems
[Subsystems] Discovering subsystems at path E:/NetScene/Assets
GfxDevice: creating device client; threaded=0
Direct3D:
    Version:  Direct3D 11.0 [level 11.1]
    Renderer: NVIDIA GeForce GTX 970 (ID=0x13c2)
    Vendor:   
    VRAM:     4043 MB
    Driver:   27.21.14.5671
Initialize mono
Mono path[0] = 'E:/UnityEditors/2020.3.1f1/Editor/Data/Managed'
Mono path[1] = 'E:/UnityEditors/2020.3.1f1/Editor/Data/MonoBleedingEdge/lib/mono/unityjit'
Mono config path = 'E:/UnityEditors/2020.3.1f1/Editor/Data/MonoBleedingEdge/etc'
Using monoOptions --debugger-agent=transport=dt_socket,embedding=1,server=y,suspend=n,address=127.0.0.1:56564
Begin MonoManager ReloadAssembly
Registering precompiled unity dll's ...
Register platform support module: E:/UnityEditors/2020.3.1f1/Editor/Data/PlaybackEngines/WindowsStandaloneSupport/UnityEditor.WindowsStandalone.Extensions.dll
Register platform support module: E:/UnityEditors/2020.3.1f1/Editor/Data/PlaybackEngines/LinuxStandaloneSupport/UnityEditor.LinuxStandalone.Extensions.dll
Registered in 0.001306 seconds.
Native extension for LinuxStandalone target not found
Native extension for WindowsStandalone target not found
Refreshing native plugins compatible for Editor in 22.78 ms, found 0 plugins.
Preloading 0 native plugins for Editor in 0.00 ms.
Invoked RoslynAnalysisRunner static constructor.
RoslynAnalysisRunner will not be running.
RoslynAnalysisRunner has terminated.
Mono: successfully reloaded assembly
- Completed reload, in  0.833 seconds
Platform modules already initialized, skipping
Registering precompiled user dll's ...
Registered in 0.000920 seconds.
Begin MonoManager ReloadAssembly
Native extension for LinuxStandalone target not found
Native extension for WindowsStandalone target not found
Refreshing native plugins compatible for Editor in 0.24 ms, found 0 plugins.
Preloading 0 native plugins for Editor in 0.00 ms.
Invoked RoslynAnalysisRunner static constructor.
RoslynAnalysisRunner will not be running.
RoslynAnalysisRunner has terminated.
Mono: successfully reloaded assembly
- Completed reload, in  0.919 seconds
Platform modules already initialized, skipping
========================================================================
Worker process is ready to serve import requests
Launched and connected shader compiler UnityShaderCompiler.exe after 0.04 seconds
Refreshing native plugins compatible for Editor in 0.35 ms, found 0 plugins.
Preloading 0 native plugins for Editor in 0.00 ms.
Unloading 1113 Unused Serialized files (Serialized files now loaded: 0)
System memory in use before: 56.9 MB.
System memory in use after: 56.9 MB.

Unloading 10 unused Assets to reduce memory usage. Loaded Objects now: 1555.
Total: 3.167200 ms (FindLiveObjects: 0.253100 ms CreateObjectMapping: 0.042200 ms MarkObjects: 2.756800 ms  DeleteObjects: 0.112500 ms)

========================================================================
Received Import Request.
  path: Assets
  artifactKey: Guid(00000000000000001000000000000000) Importer(815301076,1909f56bfc062723c751e8b465ee728b)
Start importing Assets using Guid(00000000000000001000000000000000) Importer(815301076,1909f56bfc062723c751e8b465ee728b)  -> (artifact id: 'a6374019befeac6ce670f13ba9960efb') in 0.010437 seconds
  Import took 0.013326 seconds .

========================================================================
Received Prepare
Registering precompiled user dll's ...
Registered in 0.000546 seconds.
Begin MonoManager ReloadAssembly
Native extension for LinuxStandalone target not found
Native extension for WindowsStandalone target not found
Refreshing native plugins compatible for Editor in 1.44 ms, found 0 plugins.
Preloading 0 native plugins for Editor in 0.00 ms.
Invoked RoslynAnalysisRunner static constructor.
RoslynAnalysisRunner will not be running.
RoslynAnalysisRunner has terminated.
Mono: successfully reloaded assembly
- Completed reload, in  0.875 seconds
Platform modules already initialized, skipping
Refreshing native plugins compatible for Editor in 0.71 ms, found 0 plugins.
Preloading 0 native plugins for Editor in 0.00 ms.
Unloading 1116 Unused Serialized files (Serialized files now loaded: 0)
System memory in use before: 57.1 MB.
System memory in use after: 57.1 MB.

Unloading 5 unused Assets to reduce memory usage. Loaded Objects now: 1566.
Total: 1.964400 ms (FindLiveObjects: 0.287700 ms CreateObjectMapping: 0.046800 ms MarkObjects: 1.568200 ms  DeleteObjects: 0.060200 ms)

========================================================================
Received Prepare
Registering precompiled user dll's ...
Registered in 0.000666 seconds.
Begin MonoManager ReloadAssembly
Native extension for LinuxStandalone target not found
Native extension for WindowsStandalone target not found
Refreshing native plugins compatible for Editor in 0.28 ms, found 0 plugins.
Preloading 0 native plugins for Editor in 0.00 ms.
Invoked RoslynAnalysisRunner static constructor.
RoslynAnalysisRunner will not be running.
RoslynAnalysisRunner has terminated.
Mono: successfully reloaded assembly
- Completed reload, in  0.950 seconds
Platform modules already initialized, skipping
Refreshing native plugins compatible for Editor in 0.23 ms, found 0 plugins.
Preloading 0 native plugins for Editor in 0.00 ms.
Unloading 1129 Unused Serialized files (Serialized files now loaded: 0)
System memory in use before: 58.8 MB.
System memory in use after: 58.3 MB.

Unloading 18 unused Assets to reduce memory usage. Loaded Objects now: 1569.
Total: 2.247800 ms (FindLiveObjects: 0.194400 ms CreateObjectMapping: 0.041500 ms MarkObjects: 1.648100 ms  DeleteObjects: 0.362200 ms)

========================================================================
Received Import Request.
  Time since last request: 223.779122 seconds.
  path: Assets/NetScene
  artifactKey: Guid(6b94015d23b011e45940979483038d0e) Importer(815301076,1909f56bfc062723c751e8b465ee728b)
Start importing Assets/NetScene using Guid(6b94015d23b011e45940979483038d0e) Importer(815301076,1909f56bfc062723c751e8b465ee728b)  -> (artifact id: '96a76f1405a9de907ac4eb1baf8f7df0') in 0.010241 seconds
  Import took 0.012969 seconds .

========================================================================
Received Import Request.
  Time since last request: 15.760655 seconds.
  path: Assets/NetScene/Editor
  artifactKey: Guid(aa42370985bde5c4a9e3ecc5ae93fdd8) Importer(815301076,1909f56bfc062723c751e8b465ee728b)
Start importing Assets/NetScene/Editor using Guid(aa42370985bde5c4a9e3ecc5ae93fdd8) Importer(815301076,1909f56bfc062723c751e8b465ee728b)  -> (artifact id: '28432e1ae35d0c44037e590c3b7dddef') in 0.006484 seconds
  Import took 0.008693 seconds .

========================================================================
Received Prepare
Registering precompiled user dll's ...
Registered in 0.000626 seconds.
Begin MonoManager ReloadAssembly
Native extension for LinuxStandalone target not found
Native extension for WindowsStandalone target not found
Refreshing native plugins compatible for Editor in 0.36 ms, found 0 plugins.
Preloading 0 native plugins for Editor in 0.00 ms.
Invoked RoslynAnalysisRunner static constructor.
RoslynAnalysisRunner will not be running.
RoslynAnalysisRunner has terminated.
Mono: successfully reloaded assembly
- Completed reload, in  0.862 seconds
Platform modules already initialized, skipping
Refreshing native plugins compatible for Editor in 0.26 ms, found 0 plugins.
Preloading 0 native plugins for Editor in 0.00 ms.
Unloading 1156 Unused Serialized files (Serialized files now loaded: 0)
System memory in use before: 59.7 MB.
System memory in use after: 59.1 MB.

Unloading 18 unused Assets to reduce memory usage. Loaded Objects now: 1599.
Total: 3.108000 ms (FindLiveObjects: 0.574200 ms CreateObjectMapping: 0.195300 ms MarkObjects: 1.871600 ms  DeleteObjects: 0.465400 ms)

========================================================================
Received Import Request.
  Time since last request: 92.198950 seconds.
  path: Assets/NetScene/Editor/NetSceneWindow.cs
  artifactKey: Guid(5a37848d79125964bafc1cbe4d373ea6) Importer(815301076,1909f56bfc062723c751e8b465ee728b)
Start importing Assets/NetScene/Editor/NetSceneWindow.cs using Guid(5a37848d79125964bafc1cbe4d373ea6) Importer(815301076,1909f56bfc062723c751e8b465ee728b)  -> (artifact id: 'b426ee19490600cf1acb26fb9e59668d') in 0.046609 seconds
  Import took 0.049653 seconds .

========================================================================
Received Prepare
Registering precompiled user dll's ...
Registered in 0.001843 seconds.
Begin MonoManager ReloadAssembly
Native extension for LinuxStandalone target not found
Native extension for WindowsStandalone target not found
Refreshing native plugins compatible for Editor in 0.30 ms, found 0 plugins.
Preloading 0 native plugins for Editor in 0.00 ms.
Invoked RoslynAnalysisRunner static constructor.
RoslynAnalysisRunner will not be running.
RoslynAnalysisRunner has terminated.
Mono: successfully reloaded assembly
- Completed reload, in  0.913 seconds
Platform modules already initialized, skipping
Refreshing native plugins compatible for Editor in 0.32 ms, found 0 plugins.
Preloading 0 native plugins for Editor in 0.00 ms.
Unloading 1157 Unused Serialized files (Serialized files now loaded: 0)
System memory in use before: 59.7 MB.
System memory in use after: 59.2 MB.

Unloading 18 unused Assets to reduce memory usage. Loaded Objects now: 1603.
Total: 2.648200 ms (FindLiveObjects: 0.255800 ms CreateObjectMapping: 0.029700 ms MarkObjects: 1.927600 ms  DeleteObjects: 0.433100 ms)

========================================================================
Received Import Request.
  Time since last request: 117.878377 seconds.
  path: Assets/NetScene/Editor/NetSceneWindow.cs
  artifactKey: Guid(5a37848d79125964bafc1cbe4d373ea6) Importer(815301076,1909f56bfc062723c751e8b465ee728b)
Start importing Assets/NetScene/Editor/NetSceneWindow.cs using Guid(5a37848d79125964bafc1cbe4d373ea6) Importer(815301076,1909f56bfc062723c751e8b465ee728b)  -> (artifact id: 'c40f75b7f76428c038e2208f803f4227') in 0.007704 seconds
  Import took 0.013123 seconds .

========================================================================
Received Prepare
Registering precompiled user dll's ...
Registered in 0.000626 seconds.
Begin MonoManager ReloadAssembly
Native extension for LinuxStandalone target not found
Native extension for WindowsStandalone target not found
Refreshing native plugins compatible for Editor in 0.50 ms, found 0 plugins.
Preloading 0 native plugins for Editor in 0.00 ms.
Invoked RoslynAnalysisRunner static constructor.
RoslynAnalysisRunner will not be running.
RoslynAnalysisRunner has terminated.
Mono: successfully reloaded assembly
- Completed reload, in  0.923 seconds
Platform modules already initialized, skipping
Refreshing native plugins compatible for Editor in 0.26 ms, found 0 plugins.
Preloading 0 native plugins for Editor in 0.00 ms.
Unloading 1157 Unused Serialized files (Serialized files now loaded: 0)
System memory in use before: 59.7 MB.
System memory in use after: 59.2 MB.

Unloading 18 unused Assets to reduce memory usage. Loaded Objects now: 1606.
Total: 3.316500 ms (FindLiveObjects: 0.248800 ms CreateObjectMapping: 0.029200 ms MarkObjects: 2.617100 ms  DeleteObjects: 0.419500 ms)

========================================================================
Received Import Request.
  Time since last request: 24.285211 seconds.
  path: Assets/NetScene/Editor/NetSceneWindow.cs
  artifactKey: Guid(5a37848d79125964bafc1cbe4d373ea6) Importer(815301076,1909f56bfc062723c751e8b465ee728b)
Start importing Assets/NetScene/Editor/NetSceneWindow.cs using Guid(5a37848d79125964bafc1cbe4d373ea6) Importer(815301076,1909f56bfc062723c751e8b465ee728b)  -> (artifact id: '8e843b3a3053d3f41d93386b9e115cca') in 0.004327 seconds
  Import took 0.007893 seconds .

========================================================================
Received Prepare
Registering precompiled user dll's ...
Registered in 0.000693 seconds.
Begin MonoManager ReloadAssembly
Native extension for LinuxStandalone target not found
Native extension for WindowsStandalone target not found
Refreshing native plugins compatible for Editor in 0.31 ms, found 0 plugins.
Preloading 0 native plugins for Editor in 0.00 ms.
Invoked RoslynAnalysisRunner static constructor.
RoslynAnalysisRunner will not be running.
RoslynAnalysisRunner has terminated.
Mono: successfully reloaded assembly
- Completed reload, in  0.875 seconds
Platform modules already initialized, skipping
Refreshing native plugins compatible for Editor in 0.42 ms, found 0 plugins.
Preloading 0 native plugins for Editor in 0.00 ms.
Unloading 1157 Unused Serialized files (Serialized files now loaded: 0)
System memory in use before: 59.7 MB.
System memory in use after: 59.2 MB.

Unloading 18 unused Assets to reduce memory usage. Loaded Objects now: 1609.
Total: 1.901100 ms (FindLiveObjects: 0.172900 ms CreateObjectMapping: 0.028000 ms MarkObjects: 1.282800 ms  DeleteObjects: 0.415100 ms)

========================================================================
Received Import Request.
  Time since last request: 10.810742 seconds.
  path: Assets/NetScene/Editor/NetSceneWindow.cs
  artifactKey: Guid(5a37848d79125964bafc1cbe4d373ea6) Importer(815301076,1909f56bfc062723c751e8b465ee728b)
Start importing Assets/NetScene/Editor/NetSceneWindow.cs using Guid(5a37848d79125964bafc1cbe4d373ea6) Importer(815301076,1909f56bfc062723c751e8b465ee728b)  -> (artifact id: '80bb146463610602029b298d87004f2b') in 0.004202 seconds
  Import took 0.006326 seconds .

========================================================================
Received Prepare
Registering precompiled user dll's ...
Registered in 0.000593 seconds.
Begin MonoManager ReloadAssembly
Native extension for LinuxStandalone target not found
Native extension for WindowsStandalone target not found
Refreshing native plugins compatible for Editor in 0.26 ms, found 0 plugins.
Preloading 0 native plugins for Editor in 0.00 ms.
Invoked RoslynAnalysisRunner static constructor.
RoslynAnalysisRunner will not be running.
RoslynAnalysisRunner has terminated.
Mono: successfully reloaded assembly
- Completed reload, in  0.838 seconds
Platform modules already initialized, skipping
Refreshing native plugins compatible for Editor in 0.65 ms, found 0 plugins.
Preloading 0 native plugins for Editor in 0.00 ms.
Unloading 1157 Unused Serialized files (Serialized files now loaded: 0)
System memory in use before: 59.7 MB.
System memory in use after: 59.2 MB.

Unloading 18 unused Assets to reduce memory usage. Loaded Objects now: 1612.
Total: 2.202600 ms (FindLiveObjects: 0.266000 ms CreateObjectMapping: 0.094100 ms MarkObjects: 1.496300 ms  DeleteObjects: 0.345100 ms)

========================================================================
Received Import Request.
  Time since last request: 289.611327 seconds.
  path: Assets/NetScene/Editor/NetSceneWindow.cs
  artifactKey: Guid(5a37848d79125964bafc1cbe4d373ea6) Importer(815301076,1909f56bfc062723c751e8b465ee728b)
Start importing Assets/NetScene/Editor/NetSceneWindow.cs using Guid(5a37848d79125964bafc1cbe4d373ea6) Importer(815301076,1909f56bfc062723c751e8b465ee728b)  -> (artifact id: '541e95ea4824cffb59c44be1a3eb2e65') in 0.007931 seconds
  Import took 0.010750 seconds .

========================================================================
Received Import Request.
  Time since last request: 4.418792 seconds.
  path: Assets/NetScene/Editor/NetScene.cs
  artifactKey: Guid(9d0488d47cf47074eb3686f99c7bccfb) Importer(815301076,1909f56bfc062723c751e8b465ee728b)
Start importing Assets/NetScene/Editor/NetScene.cs using Guid(9d0488d47cf47074eb3686f99c7bccfb) Importer(815301076,1909f56bfc062723c751e8b465ee728b)  -> (artifact id: 'cf396440c492004e004301347fef103e') in 0.001721 seconds
  Import took 0.004684 seconds .

========================================================================
Received Prepare
Registering precompiled user dll's ...
Registered in 0.000524 seconds.
Begin MonoManager ReloadAssembly
Native extension for LinuxStandalone target not found
Native extension for WindowsStandalone target not found
Refreshing native plugins compatible for Editor in 0.38 ms, found 0 plugins.
Preloading 0 native plugins for Editor in 0.00 ms.
Invoked RoslynAnalysisRunner static constructor.
RoslynAnalysisRunner will not be running.
RoslynAnalysisRunner has terminated.
Mono: successfully reloaded assembly
- Completed reload, in  0.887 seconds
Platform modules already initialized, skipping
Refreshing native plugins compatible for Editor in 0.58 ms, found 0 plugins.
Preloading 0 native plugins for Editor in 0.00 ms.
Unloading 1158 Unused Serialized files (Serialized files now loaded: 0)
System memory in use before: 59.7 MB.
System memory in use after: 59.2 MB.

Unloading 18 unused Assets to reduce memory usage. Loaded Objects now: 1616.
Total: 3.493100 ms (FindLiveObjects: 0.855000 ms CreateObjectMapping: 0.091500 ms MarkObjects: 2.168900 ms  DeleteObjects: 0.375200 ms)

========================================================================
Received Prepare
Registering precompiled user dll's ...
Registered in 0.000605 seconds.
Begin MonoManager ReloadAssembly
Native extension for LinuxStandalone target not found
Native extension for WindowsStandalone target not found
Refreshing native plugins compatible for Editor in 0.28 ms, found 0 plugins.
Preloading 0 native plugins for Editor in 0.00 ms.
Invoked RoslynAnalysisRunner static constructor.
RoslynAnalysisRunner will not be running.
RoslynAnalysisRunner has terminated.
Mono: successfully reloaded assembly
- Completed reload, in  0.865 seconds
Platform modules already initialized, skipping
Refreshing native plugins compatible for Editor in 0.24 ms, found 0 plugins.
Preloading 0 native plugins for Editor in 0.00 ms.
Unloading 1158 Unused Serialized files (Serialized files now loaded: 0)
System memory in use before: 59.8 MB.
System memory in use after: 59.2 MB.

Unloading 18 unused Assets to reduce memory usage. Loaded Objects now: 1619.
Total: 2.123900 ms (FindLiveObjects: 0.187400 ms CreateObjectMapping: 0.026800 ms MarkObjects: 1.537700 ms  DeleteObjects: 0.370500 ms)

========================================================================
Received Import Request.
  Time since last request: 382.164497 seconds.
  path: Assets/NetScene/Editor/NetScene.cs
  artifactKey: Guid(9d0488d47cf47074eb3686f99c7bccfb) Importer(815301076,1909f56bfc062723c751e8b465ee728b)
Start importing Assets/NetScene/Editor/NetScene.cs using Guid(9d0488d47cf47074eb3686f99c7bccfb) Importer(815301076,1909f56bfc062723c751e8b465ee728b)  -> (artifact id: 'ae3d136e3bf510efdabf6f17945b823a') in 0.006778 seconds
  Import took 0.009851 seconds .

========================================================================
Received Prepare
Registering precompiled user dll's ...
Registered in 0.000694 seconds.
Begin MonoManager ReloadAssembly
Native extension for LinuxStandalone target not found
Native extension for WindowsStandalone target not found
Refreshing native plugins compatible for Editor in 0.28 ms, found 0 plugins.
Preloading 0 native plugins for Editor in 0.00 ms.
Invoked RoslynAnalysisRunner static constructor.
RoslynAnalysisRunner will not be running.
RoslynAnalysisRunner has terminated.
Mono: successfully reloaded assembly
- Completed reload, in  0.834 seconds
Platform modules already initialized, skipping
Refreshing native plugins compatible for Editor in 0.28 ms, found 0 plugins.
Preloading 0 native plugins for Editor in 0.00 ms.
Unloading 1158 Unused Serialized files (Serialized files now loaded: 0)
System memory in use before: 59.8 MB.
System memory in use after: 59.2 MB.

Unloading 18 unused Assets to reduce memory usage. Loaded Objects now: 1622.
Total: 2.693700 ms (FindLiveObjects: 0.349500 ms CreateObjectMapping: 0.044400 ms MarkObjects: 1.950300 ms  DeleteObjects: 0.348000 ms)

========================================================================
Received Import Request.
  Time since last request: 16.838472 seconds.
  path: Assets/NetScene/Editor/NetScene.cs
  artifactKey: Guid(9d0488d47cf47074eb3686f99c7bccfb) Importer(815301076,1909f56bfc062723c751e8b465ee728b)
Start importing Assets/NetScene/Editor/NetScene.cs using Guid(9d0488d47cf47074eb3686f99c7bccfb) Importer(815301076,1909f56bfc062723c751e8b465ee728b)  -> (artifact id: '971b43fcd328aa5d2141280dde68c108') in 0.004446 seconds
  Import took 0.007963 seconds .

========================================================================
Received Prepare
Registering precompiled user dll's ...
Registered in 0.000699 seconds.
Begin MonoManager ReloadAssembly
Native extension for LinuxStandalone target not found
Native extension for WindowsStandalone target not found
Refreshing native plugins compatible for Editor in 0.31 ms, found 0 plugins.
Preloading 0 native plugins for Editor in 0.00 ms.
NetScene.NetScene must be instantiated using the ScriptableObject.CreateInstance method instead of new NetScene.
UnityEngine.StackTraceUtility:ExtractStackTrace ()
UnityEngine.ScriptableObject:.ctor ()
UnityEditor.Editor:.ctor ()
NetScene.NetScene:.ctor ()
NetScene.NetScene:.cctor () (at Assets/NetScene/Editor/NetScene.cs:19)
System.Runtime.CompilerServices.RuntimeHelpers:RunClassConstructor (System.RuntimeTypeHandle)
UnityEditor.EditorAssemblies:ProcessInitializeOnLoadAttributes (System.Type[])

[Assets/NetScene/Editor/NetScene.cs line 19]

Init
UnityEngine.StackTraceUtility:ExtractStackTrace ()
UnityEngine.DebugLogHandler:LogFormat (UnityEngine.LogType,UnityEngine.Object,string,object[])
UnityEngine.Logger:Log (UnityEngine.LogType,object)
UnityEngine.Debug:Log (object)
NetScene.NetScene:.cctor () (at Assets/NetScene/Editor/NetScene.cs:20)
System.Runtime.CompilerServices.RuntimeHelpers:RunClassConstructor (System.RuntimeTypeHandle)
UnityEditor.EditorAssemblies:ProcessInitializeOnLoadAttributes (System.Type[])

(Filename: Assets/NetScene/Editor/NetScene.cs Line: 20)

Invoked RoslynAnalysisRunner static constructor.
RoslynAnalysisRunner will not be running.
RoslynAnalysisRunner has terminated.
Mono: successfully reloaded assembly
- Completed reload, in  0.912 seconds
Platform modules already initialized, skipping
Refreshing native plugins compatible for Editor in 0.36 ms, found 0 plugins.
Preloading 0 native plugins for Editor in 0.00 ms.
Unloading 1158 Unused Serialized files (Serialized files now loaded: 0)
System memory in use before: 59.9 MB.
System memory in use after: 59.4 MB.

Unloading 19 unused Assets to reduce memory usage. Loaded Objects now: 1626.
Total: 2.381300 ms (FindLiveObjects: 0.252800 ms CreateObjectMapping: 0.044200 ms MarkObjects: 1.631600 ms  DeleteObjects: 0.451800 ms)

========================================================================
Received Import Request.
  Time since last request: 60.968930 seconds.
  path: Assets/NetScene/Editor/NetScene.cs
  artifactKey: Guid(9d0488d47cf47074eb3686f99c7bccfb) Importer(815301076,1909f56bfc062723c751e8b465ee728b)
Start importing Assets/NetScene/Editor/NetScene.cs using Guid(9d0488d47cf47074eb3686f99c7bccfb) Importer(815301076,1909f56bfc062723c751e8b465ee728b)  -> (artifact id: '8605ccfb449e7d3a47e6e00772888a31') in 0.004935 seconds
  Import took 0.007082 seconds .

========================================================================
Received Prepare
Registering precompiled user dll's ...
Registered in 0.000867 seconds.
Begin MonoManager ReloadAssembly
UnityException: CreateScriptableObjectInstanceFromType is not allowed to be called from a ScriptableObject constructor (or instance field initializer), call it in OnEnable instead. Called from ScriptableObject 'NetScene'.
See "Script Serialization" page in the Unity Manual for further details.
  at (wrapper managed-to-native) UnityEngine.ScriptableObject.CreateScriptableObjectInstanceFromType(System.Type,bool)
  at UnityEngine.ScriptableObject.CreateInstance (System.Type type) [0x00001] in <10564ed154d647e194bef4aef8878649>:0 
  at UnityEngine.ScriptableObject.CreateInstance[T] () [0x00001] in <10564ed154d647e194bef4aef8878649>:0 
  at NetScene.NetScene..cctor () [0x00000] in E:\NetScene\Assets\NetScene\Editor\NetScene.cs:19 
Rethrow as TypeInitializationException: The type initializer for 'NetScene.NetScene' threw an exception.


Native extension for LinuxStandalone target not found
Native extension for WindowsStandalone target not found
Refreshing native plugins compatible for Editor in 0.25 ms, found 0 plugins.
Preloading 0 native plugins for Editor in 0.00 ms.
UnityEngine.UnityException: CreateScriptableObjectInstanceFromType is not allowed to be called from a ScriptableObject constructor (or instance field initializer), call it in OnEnable instead. Called from ScriptableObject 'NetScene'.
See "Script Serialization" page in the Unity Manual for further details.
  at (wrapper managed-to-native) UnityEngine.ScriptableObject.CreateScriptableObjectInstanceFromType(System.Type,bool)
  at UnityEngine.ScriptableObject.CreateInstance (System.Type type) [0x00001] in <10564ed154d647e194bef4aef8878649>:0 
  at UnityEngine.ScriptableObject.CreateInstance[T] () [0x00001] in <10564ed154d647e194bef4aef8878649>:0 
  at NetScene.NetScene..cctor () [0x00000] in E:\NetScene\Assets\NetScene\Editor\NetScene.cs:19 
UnityEngine.StackTraceUtility:ExtractStackTrace ()
UnityEngine.DebugLogHandler:LogFormat (UnityEngine.LogType,UnityEngine.Object,string,object[])
UnityEngine.Logger:Log (UnityEngine.LogType,object)
UnityEngine.Debug:LogError (object)
UnityEditor.EditorAssemblies:ProcessInitializeOnLoadAttributes (System.Type[])

Invoked RoslynAnalysisRunner static constructor.
RoslynAnalysisRunner will not be running.
RoslynAnalysisRunner has terminated.
Mono: successfully reloaded assembly
- Completed reload, in  0.890 seconds
Platform modules already initialized, skipping
Refreshing native plugins compatible for Editor in 0.31 ms, found 0 plugins.
Preloading 0 native plugins for Editor in 0.00 ms.
Unloading 1158 Unused Serialized files (Serialized files now loaded: 0)
System memory in use before: 59.9 MB.
System memory in use after: 59.4 MB.

Unloading 18 unused Assets to reduce memory usage. Loaded Objects now: 1629.
Total: 2.578700 ms (FindLiveObjects: 0.321800 ms CreateObjectMapping: 0.122600 ms MarkObjects: 1.776800 ms  DeleteObjects: 0.355300 ms)

========================================================================
Received Import Request.
  Time since last request: 58.783372 seconds.
  path: Assets/NetScene/Editor/NetScene.cs
  artifactKey: Guid(9d0488d47cf47074eb3686f99c7bccfb) Importer(815301076,1909f56bfc062723c751e8b465ee728b)
Start importing Assets/NetScene/Editor/NetScene.cs using Guid(9d0488d47cf47074eb3686f99c7bccfb) Importer(815301076,1909f56bfc062723c751e8b465ee728b)  -> (artifact id: 'a44215f6d34aadc8d578ad5a74567b08') in 0.007886 seconds
  Import took 0.010285 seconds .

========================================================================
Received Prepare
Registering precompiled user dll's ...
Registered in 0.000867 seconds.
Begin MonoManager ReloadAssembly
UnityException: CreateScriptableObjectInstanceFromType is not allowed to be called from a ScriptableObject constructor (or instance field initializer), call it in OnEnable instead. Called from ScriptableObject 'NetScene'.
See "Script Serialization" page in the Unity Manual for further details.
  at (wrapper managed-to-native) UnityEngine.ScriptableObject.CreateScriptableObjectInstanceFromType(System.Type,bool)
  at UnityEngine.ScriptableObject.CreateInstance (System.Type type) [0x00001] in <10564ed154d647e194bef4aef8878649>:0 
  at UnityEngine.ScriptableObject.CreateInstance[T] () [0x00001] in <10564ed154d647e194bef4aef8878649>:0 
  at NetScene.NetScene..cctor () [0x00000] in E:\NetScene\Assets\NetScene\Editor\NetScene.cs:19 
Rethrow as TypeInitializationException: The type initializer for 'NetScene.NetScene' threw an exception.


Native extension for LinuxStandalone target not found
Native extension for WindowsStandalone target not found
Refreshing native plugins compatible for Editor in 0.43 ms, found 0 plugins.
Preloading 0 native plugins for Editor in 0.00 ms.
UnityEngine.UnityException: CreateScriptableObjectInstanceFromType is not allowed to be called from a ScriptableObject constructor (or instance field initializer), call it in OnEnable instead. Called from ScriptableObject 'NetScene'.
See "Script Serialization" page in the Unity Manual for further details.
  at (wrapper managed-to-native) UnityEngine.ScriptableObject.CreateScriptableObjectInstanceFromType(System.Type,bool)
  at UnityEngine.ScriptableObject.CreateInstance (System.Type type) [0x00001] in <10564ed154d647e194bef4aef8878649>:0 
  at UnityEngine.ScriptableObject.CreateInstance[T] () [0x00001] in <10564ed154d647e194bef4aef8878649>:0 
  at NetScene.NetScene..cctor () [0x00000] in E:\NetScene\Assets\NetScene\Editor\NetScene.cs:19 
UnityEngine.StackTraceUtility:ExtractStackTrace ()
UnityEngine.DebugLogHandler:LogFormat (UnityEngine.LogType,UnityEngine.Object,string,object[])
UnityEngine.Logger:Log (UnityEngine.LogType,object)
UnityEngine.Debug:LogError (object)
UnityEditor.EditorAssemblies:ProcessInitializeOnLoadAttributes (System.Type[])

Invoked RoslynAnalysisRunner static constructor.
RoslynAnalysisRunner will not be running.
RoslynAnalysisRunner has terminated.
UnityException: CreateScriptableObjectInstanceFromType is not allowed to be called from a ScriptableObject constructor (or instance field initializer), call it in OnEnable instead. Called from ScriptableObject 'NetScene'.
See "Script Serialization" page in the Unity Manual for further details.
  at (wrapper managed-to-native) UnityEngine.ScriptableObject.CreateScriptableObjectInstanceFromType(System.Type,bool)
  at UnityEngine.ScriptableObject.CreateInstance (System.Type type) [0x00001] in <10564ed154d647e194bef4aef8878649>:0 
  at UnityEngine.ScriptableObject.CreateInstance[T] () [0x00001] in <10564ed154d647e194bef4aef8878649>:0 
  at NetScene.NetScene..cctor () [0x00000] in E:\NetScene\Assets\NetScene\Editor\NetScene.cs:19 
Rethrow as TypeInitializationException: The type initializer for 'NetScene.NetScene' threw an exception.
  at (wrapper managed-to-native) System.Runtime.CompilerServices.RuntimeHelpers.RunClassConstructor(intptr)
  at System.Runtime.CompilerServices.RuntimeHelpers.RunClassConstructor (System.RuntimeTypeHandle type) [0x0002a] in <eae584ce26bc40229c1b1aa476bfa589>:0 
  at UnityEditor.EditorAssemblies.ProcessInitializeOnLoadAttributes (System.Type[] types) [0x00014] in <0c3742f371b24679bcaa6fcc508d0cca>:0 

Mono: successfully reloaded assembly
- Completed reload, in  0.843 seconds
Platform modules already initialized, skipping
Refreshing native plugins compatible for Editor in 0.32 ms, found 0 plugins.
Preloading 0 native plugins for Editor in 0.00 ms.
Unloading 1158 Unused Serialized files (Serialized files now loaded: 0)
System memory in use before: 59.9 MB.
System memory in use after: 59.4 MB.

Unloading 18 unused Assets to reduce memory usage. Loaded Objects now: 1632.
Total: 2.237500 ms (FindLiveObjects: 0.359300 ms CreateObjectMapping: 0.035000 ms MarkObjects: 1.400600 ms  DeleteObjects: 0.441600 ms)

========================================================================
Received Import Request.
  Time since last request: 21.612302 seconds.
  path: Assets/NetScene/Editor/NetScene.cs
  artifactKey: Guid(9d0488d47cf47074eb3686f99c7bccfb) Importer(815301076,1909f56bfc062723c751e8b465ee728b)
Start importing Assets/NetScene/Editor/NetScene.cs using Guid(9d0488d47cf47074eb3686f99c7bccfb) Importer(815301076,1909f56bfc062723c751e8b465ee728b)  -> (artifact id: 'b9154eb9302bf76260316c0c6703377a') in 0.005915 seconds
  Import took 0.009043 seconds .

========================================================================
Received Prepare
Registering precompiled user dll's ...
Registered in 0.000888 seconds.
Begin MonoManager ReloadAssembly
UnityException: CreateScriptableObjectInstanceFromType is not allowed to be called from a ScriptableObject constructor (or instance field initializer), call it in OnEnable instead. Called from ScriptableObject 'NetScene'.
See "Script Serialization" page in the Unity Manual for further details.
  at (wrapper managed-to-native) UnityEngine.ScriptableObject.CreateScriptableObjectInstanceFromType(System.Type,bool)
  at UnityEngine.ScriptableObject.CreateInstance (System.Type type) [0x00001] in <10564ed154d647e194bef4aef8878649>:0 
  at UnityEngine.ScriptableObject.CreateInstance[T] () [0x00001] in <10564ed154d647e194bef4aef8878649>:0 
  at NetScene.NetScene..cctor () [0x00000] in E:\NetScene\Assets\NetScene\Editor\NetScene.cs:19 
Rethrow as TypeInitializationException: The type initializer for 'NetScene.NetScene' threw an exception.


Native extension for LinuxStandalone target not found
Native extension for WindowsStandalone target not found
Refreshing native plugins compatible for Editor in 0.26 ms, found 0 plugins.
Preloading 0 native plugins for Editor in 0.00 ms.
UnityEngine.UnityException: CreateScriptableObjectInstanceFromType is not allowed to be called from a ScriptableObject constructor (or instance field initializer), call it in OnEnable instead. Called from ScriptableObject 'NetScene'.
See "Script Serialization" page in the Unity Manual for further details.
  at (wrapper managed-to-native) UnityEngine.ScriptableObject.CreateScriptableObjectInstanceFromType(System.Type,bool)
  at UnityEngine.ScriptableObject.CreateInstance (System.Type type) [0x00001] in <10564ed154d647e194bef4aef8878649>:0 
  at UnityEngine.ScriptableObject.CreateInstance[T] () [0x00001] in <10564ed154d647e194bef4aef8878649>:0 
  at NetScene.NetScene..cctor () [0x00000] in E:\NetScene\Assets\NetScene\Editor\NetScene.cs:19 
UnityEngine.StackTraceUtility:ExtractStackTrace ()
UnityEngine.DebugLogHandler:LogFormat (UnityEngine.LogType,UnityEngine.Object,string,object[])
UnityEngine.Logger:Log (UnityEngine.LogType,object)
UnityEngine.Debug:LogError (object)
UnityEditor.EditorAssemblies:ProcessInitializeOnLoadAttributes (System.Type[])

Invoked RoslynAnalysisRunner static constructor.
RoslynAnalysisRunner will not be running.
RoslynAnalysisRunner has terminated.
UnityException: CreateScriptableObjectInstanceFromType is not allowed to be called from a ScriptableObject constructor (or instance field initializer), call it in OnEnable instead. Called from ScriptableObject 'NetScene'.
See "Script Serialization" page in the Unity Manual for further details.
  at (wrapper managed-to-native) UnityEngine.ScriptableObject.CreateScriptableObjectInstanceFromType(System.Type,bool)
  at UnityEngine.ScriptableObject.CreateInstance (System.Type type) [0x00001] in <10564ed154d647e194bef4aef8878649>:0 
  at UnityEngine.ScriptableObject.CreateInstance[T] () [0x00001] in <10564ed154d647e194bef4aef8878649>:0 
  at NetScene.NetScene..cctor () [0x00000] in E:\NetScene\Assets\NetScene\Editor\NetScene.cs:19 
Rethrow as TypeInitializationException: The type initializer for 'NetScene.NetScene' threw an exception.
  at (wrapper managed-to-native) System.Runtime.CompilerServices.RuntimeHelpers.RunClassConstructor(intptr)
  at System.Runtime.CompilerServices.RuntimeHelpers.RunClassConstructor (System.RuntimeTypeHandle type) [0x0002a] in <eae584ce26bc40229c1b1aa476bfa589>:0 
  at UnityEditor.EditorAssemblies.ProcessInitializeOnLoadAttributes (System.Type[] types) [0x00014] in <0c3742f371b24679bcaa6fcc508d0cca>:0 

Mono: successfully reloaded assembly
- Completed reload, in  0.850 seconds
Platform modules already initialized, skipping
Refreshing native plugins compatible for Editor in 0.30 ms, found 0 plugins.
Preloading 0 native plugins for Editor in 0.00 ms.
Unloading 1158 Unused Serialized files (Serialized files now loaded: 0)
System memory in use before: 59.9 MB.
System memory in use after: 59.4 MB.

Unloading 18 unused Assets to reduce memory usage. Loaded Objects now: 1635.
Total: 3.016500 ms (FindLiveObjects: 0.417700 ms CreateObjectMapping: 0.030700 ms MarkObjects: 2.226100 ms  DeleteObjects: 0.340000 ms)

========================================================================
Received Import Request.
  Time since last request: 18.296292 seconds.
  path: Assets/NetScene/Editor/NetScene.cs
  artifactKey: Guid(9d0488d47cf47074eb3686f99c7bccfb) Importer(815301076,1909f56bfc062723c751e8b465ee728b)
Start importing Assets/NetScene/Editor/NetScene.cs using Guid(9d0488d47cf47074eb3686f99c7bccfb) Importer(815301076,1909f56bfc062723c751e8b465ee728b)  -> (artifact id: '31c449d949f72ff3963d06db6e079102') in 0.005067 seconds
  Import took 0.008621 seconds .

========================================================================
Received Prepare
Registering precompiled user dll's ...
Registered in 0.000554 seconds.
Begin MonoManager ReloadAssembly
Native extension for LinuxStandalone target not found
Native extension for WindowsStandalone target not found
Refreshing native plugins compatible for Editor in 0.47 ms, found 0 plugins.
Preloading 0 native plugins for Editor in 0.00 ms.
Invoked RoslynAnalysisRunner static constructor.
RoslynAnalysisRunner will not be running.
RoslynAnalysisRunner has terminated.
Mono: successfully reloaded assembly
- Completed reload, in  0.851 seconds
Platform modules already initialized, skipping
Refreshing native plugins compatible for Editor in 0.31 ms, found 0 plugins.
Preloading 0 native plugins for Editor in 0.00 ms.
Unloading 1158 Unused Serialized files (Serialized files now loaded: 0)
System memory in use before: 59.9 MB.
System memory in use after: 59.4 MB.

Unloading 18 unused Assets to reduce memory usage. Loaded Objects now: 1638.
Total: 2.863300 ms (FindLiveObjects: 0.274500 ms CreateObjectMapping: 0.045900 ms MarkObjects: 2.044000 ms  DeleteObjects: 0.497400 ms)

========================================================================
Received Import Request.
  Time since last request: 16.684503 seconds.
  path: Assets/NetScene/Editor/NetScene.cs
  artifactKey: Guid(9d0488d47cf47074eb3686f99c7bccfb) Importer(815301076,1909f56bfc062723c751e8b465ee728b)
Start importing Assets/NetScene/Editor/NetScene.cs using Guid(9d0488d47cf47074eb3686f99c7bccfb) Importer(815301076,1909f56bfc062723c751e8b465ee728b)  -> (artifact id: 'c749a7deb4e2734cd2cddc88e8f2de96') in 0.007376 seconds
  Import took 0.009528 seconds .

========================================================================
Received Prepare
Registering precompiled user dll's ...
Registered in 0.001089 seconds.
Begin MonoManager ReloadAssembly
Native extension for LinuxStandalone target not found
Native extension for WindowsStandalone target not found
Refreshing native plugins compatible for Editor in 0.27 ms, found 0 plugins.
Preloading 0 native plugins for Editor in 0.00 ms.
Invoked RoslynAnalysisRunner static constructor.
RoslynAnalysisRunner will not be running.
RoslynAnalysisRunner has terminated.
Mono: successfully reloaded assembly
- Completed reload, in  0.867 seconds
Platform modules already initialized, skipping
Refreshing native plugins compatible for Editor in 0.32 ms, found 0 plugins.
Preloading 0 native plugins for Editor in 0.00 ms.
Unloading 1158 Unused Serialized files (Serialized files now loaded: 0)
System memory in use before: 59.9 MB.
System memory in use after: 59.4 MB.

Unloading 18 unused Assets to reduce memory usage. Loaded Objects now: 1641.
Total: 2.572900 ms (FindLiveObjects: 0.181600 ms CreateObjectMapping: 0.026900 ms MarkObjects: 2.004200 ms  DeleteObjects: 0.358500 ms)

========================================================================
Received Import Request.
  Time since last request: 8.996056 seconds.
  path: Assets/NetScene/Editor/NetScene.cs
  artifactKey: Guid(9d0488d47cf47074eb3686f99c7bccfb) Importer(815301076,1909f56bfc062723c751e8b465ee728b)
Start importing Assets/NetScene/Editor/NetScene.cs using Guid(9d0488d47cf47074eb3686f99c7bccfb) Importer(815301076,1909f56bfc062723c751e8b465ee728b)  -> (artifact id: '1922510a071147d70d547089894b5722') in 0.003747 seconds
  Import took 0.006409 seconds .

========================================================================
Received Prepare
Registering precompiled user dll's ...
Registered in 0.000653 seconds.
Begin MonoManager ReloadAssembly
Native extension for LinuxStandalone target not found
Native extension for WindowsStandalone target not found
Refreshing native plugins compatible for Editor in 0.28 ms, found 0 plugins.
Preloading 0 native plugins for Editor in 0.00 ms.
Invoked RoslynAnalysisRunner static constructor.
RoslynAnalysisRunner will not be running.
RoslynAnalysisRunner has terminated.
INIT
UnityEngine.StackTraceUtility:ExtractStackTrace ()
UnityEngine.DebugLogHandler:LogFormat (UnityEngine.LogType,UnityEngine.Object,string,object[])
UnityEngine.Logger:Log (UnityEngine.LogType,object)
UnityEngine.Debug:Log (object)
NetScene.NetScene:OnEnable () (at Assets/NetScene/Editor/NetScene.cs:24)

(Filename: Assets/NetScene/Editor/NetScene.cs Line: 24)

Mono: successfully reloaded assembly
- Completed reload, in  0.844 seconds
Platform modules already initialized, skipping
Refreshing native plugins compatible for Editor in 0.32 ms, found 0 plugins.
Preloading 0 native plugins for Editor in 0.00 ms.
Unloading 1158 Unused Serialized files (Serialized files now loaded: 0)
System memory in use before: 59.9 MB.
System memory in use after: 59.4 MB.

Unloading 18 unused Assets to reduce memory usage. Loaded Objects now: 1644.
Total: 2.348400 ms (FindLiveObjects: 0.297400 ms CreateObjectMapping: 0.100300 ms MarkObjects: 1.602100 ms  DeleteObjects: 0.347200 ms)

========================================================================
Received Import Request.
  Time since last request: 18.748528 seconds.
  path: Assets/NetScene/Editor/NetScene.cs
  artifactKey: Guid(9d0488d47cf47074eb3686f99c7bccfb) Importer(815301076,1909f56bfc062723c751e8b465ee728b)
Start importing Assets/NetScene/Editor/NetScene.cs using Guid(9d0488d47cf47074eb3686f99c7bccfb) Importer(815301076,1909f56bfc062723c751e8b465ee728b)  -> (artifact id: '5180e50aedd09f16a07470ee38da680c') in 0.004266 seconds
  Import took 0.007435 seconds .

========================================================================
Received Prepare
Registering precompiled user dll's ...
Registered in 0.000606 seconds.
Begin MonoManager ReloadAssembly
The file 'MemoryStream' is corrupted! Remove it and launch unity again!
[Position out of bounds!]

Fatal Error! The file 'MemoryStream' is corrupted! Remove it and launch unity again!
[Position out of bounds!]

Crash!!!
SymInit: Symbol-SearchPath: 'E:/UnityEditors/2020.3.1f1/Editor/Data/Mono;.;E:\NetScene;E:\UnityEditors\2020.3.1f1\Editor;C:\WINDOWS;C:\WINDOWS\system32;SRV*C:\websymbols*http://msdl.microsoft.com/download/symbols;', symOptions: 534, UserName: 'mcLC2'
OS-Version: 10.0.0
E:\UnityEditors\2020.3.1f1\Editor\Unity.exe:Unity.exe (00007FF7C4260000), size: 134574080 (result: 0), SymType: '-deferred-', PDB: '', fileVersion: 2020.3.1.43167
C:\WINDOWS\SYSTEM32\ntdll.dll:ntdll.dll (00007FFBCCAB0000), size: 2052096 (result: 0), SymType: '-deferred-', PDB: '', fileVersion: 10.0.19041.964
C:\WINDOWS\System32\KERNEL32.DLL:KERNEL32.DLL (00007FFBCB840000), size: 774144 (result: 0), SymType: '-deferred-', PDB: '', fileVersion: 10.0.19041.928
C:\WINDOWS\System32\KERNELBASE.dll:KERNELBASE.dll (00007FFBCA2A0000), size: 2916352 (result: 0), SymType: '-deferred-', PDB: '', fileVersion: 10.0.19041.964
C:\WINDOWS\System32\CRYPT32.dll:CRYPT32.dll (00007FFBCA7B0000), size: 1437696 (result: 0), SymType: '-deferred-', PDB: '', fileVersion: 10.0.19041.844
C:\WINDOWS\System32\ucrtbase.dll:ucrtbase.dll (00007FFBCA9C0000), size: 1048576 (result: 0), SymType: '-deferred-', PDB: '', fileVersion: 10.0.19041.789
C:\WINDOWS\System32\USER32.dll:USER32.dll (00007FFBCBFF0000), size: 1703936 (result: 0), SymType: '-deferred-', PDB: '', fileVersion: 10.0.19041.906
C:\WINDOWS\System32\win32u.dll:win32u.dll (00007FFBCA1F0000), size: 139264 (result: 0), SymType: '-deferred-', PDB: '', fileVersion: 10.0.19041.985
C:\WINDOWS\System32\GDI32.dll:GDI32.dll (00007FFBCC470000), size: 172032 (result: 0), SymType: '-deferred-', PDB: '', fileVersion: 10.0.19041.746
C:\WINDOWS\System32\gdi32full.dll:gdi32full.dll (00007FFBCA6A0000), size: 1093632 (result: 0), SymType: '-deferred-', PDB: '', fileVersion: 10.0.19041.928
C:\WINDOWS\System32\msvcp_win.dll:msvcp_win.dll (00007FFBCA5D0000), size: 643072 (result: 0), SymType: '-deferred-', PDB: '', fileVersion: 10.0.19041.789
E:\UnityEditors\2020.3.1f1\Editor\optix.6.0.0.dll:optix.6.0.0.dll (00007FFBB5030000), size: 208896 (result: 0), SymType: '-deferred-', PDB: '', fileVersion: 6.0.0.0
E:\UnityEditors\2020.3.1f1\Editor\libfbxsdk.dll:libfbxsdk.dll (00007FFB8A170000), size: 8974336 (result: 0), SymType: '-deferred-', PDB: '', fileVersion: 2020.0.0.0
C:\WINDOWS\System32\ADVAPI32.dll:ADVAPI32.dll (00007FFBCBD70000), size: 704512 (result: 0), SymType: '-deferred-', PDB: '', fileVersion: 10.0.19041.610
C:\WINDOWS\System32\msvcrt.dll:msvcrt.dll (00007FFBCBE20000), size: 647168 (result: 0), SymType: '-deferred-', PDB: '', fileVersion: 7.0.19041.546
E:\UnityEditors\2020.3.1f1\Editor\OpenImageDenoise.dll:OpenImageDenoise.dll (00007FFB5F030000), size: 43806720 (result: 0), SymType: '-deferred-', PDB: ''
C:\WINDOWS\System32\sechost.dll:sechost.dll (00007FFBCB4D0000), size: 634880 (result: 0), SymType: '-deferred-', PDB: '', fileVersion: 10.0.19041.906
C:\WINDOWS\System32\RPCRT4.dll:RPCRT4.dll (00007FFBCC810000), size: 1224704 (result: 0), SymType: '-deferred-', PDB: '', fileVersion: 10.0.19041.928
E:\UnityEditors\2020.3.1f1\Editor\ispc_texcomp.dll:ispc_texcomp.dll (00007FFB8CD50000), size: 1609728 (result: 0), SymType: '-deferred-', PDB: ''
E:\UnityEditors\2020.3.1f1\Editor\umbraoptimizer64.dll:umbraoptimizer64.dll (00007FFB8CEE0000), size: 1306624 (result: 0), SymType: '-deferred-', PDB: ''
E:\UnityEditors\2020.3.1f1\Editor\FreeImage.dll:FreeImage.dll (0000000180000000), size: 6414336 (result: 0), SymType: '-deferred-', PDB: '', fileVersion: 3.18.0.0
C:\WINDOWS\System32\SHELL32.dll:SHELL32.dll (00007FFBCAD50000), size: 7610368 (result: 0), SymType: '-deferred-', PDB: '', fileVersion: 10.0.19041.964
C:\WINDOWS\System32\WS2_32.dll:WS2_32.dll (00007FFBCBEC0000), size: 438272 (result: 0), SymType: '-deferred-', PDB: '', fileVersion: 10.0.19041.546
C:\WINDOWS\System32\SHLWAPI.dll:SHLWAPI.dll (00007FFBCACF0000), size: 348160 (result: 0), SymType: '-deferred-', PDB: '', fileVersion: 10.0.19041.746
C:\WINDOWS\System32\WLDAP32.dll:WLDAP32.dll (00007FFBCC240000), size: 352256 (result: 0), SymType: '-deferred-', PDB: '', fileVersion: 10.0.19041.546
C:\WINDOWS\System32\ole32.dll:ole32.dll (00007FFBCC340000), size: 1220608 (result: 0), SymType: '-deferred-', PDB: '', fileVersion: 10.0.19041.746
C:\WINDOWS\System32\Normaliz.dll:Normaliz.dll (00007FFBCB4C0000), size: 32768 (result: 0), SymType: '-deferred-', PDB: '', fileVersion: 10.0.19041.546
E:\UnityEditors\2020.3.1f1\Editor\WinPixEventRuntime.dll:WinPixEventRuntime.dll (00007FFBBD380000), size: 45056 (result: 0), SymType: '-deferred-', PDB: '', fileVersion: 1.0.1812.6001
C:\WINDOWS\System32\combase.dll:combase.dll (00007FFBCC4A0000), size: 3493888 (result: 0), SymType: '-deferred-', PDB: '', fileVersion: 10.0.19041.928
E:\UnityEditors\2020.3.1f1\Editor\tbb.dll:tbb.dll (00007FFB9E9C0000), size: 413696 (result: 0), SymType: '-deferred-', PDB: '', fileVersion: 2017.0.2016.1004
C:\WINDOWS\SYSTEM32\VCRUNTIME140.dll:VCRUNTIME140.dll (00007FFBB29A0000), size: 106496 (result: 0), SymType: '-deferred-', PDB: '', fileVersion: 14.28.29910.0
C:\WINDOWS\SYSTEM32\MSVCP140.dll:MSVCP140.dll (00007FFBB2910000), size: 577536 (result: 0), SymType: '-deferred-', PDB: '', fileVersion: 14.28.29910.0
C:\WINDOWS\SYSTEM32\CRYPTBASE.DLL:CRYPTBASE.DLL (00007FFBC9AD0000), size: 49152 (result: 0), SymType: '-deferred-', PDB: '', fileVersion: 10.0.19041.546
C:\WINDOWS\SYSTEM32\MSVCR120.dll:MSVCR120.dll (00007FFBB2C00000), size: 978944 (result: 0), SymType: '-deferred-', PDB: '', fileVersion: 12.0.40649.5
C:\WINDOWS\SYSTEM32\MSVCP120.dll:MSVCP120.dll (00007FFBB1FA0000), size: 679936 (result: 0), SymType: '-deferred-', PDB: '', fileVersion: 12.0.40649.5
C:\WINDOWS\System32\IMM32.dll:IMM32.dll (00007FFBCABF0000), size: 196608 (result: 0), SymType: '-deferred-', PDB: '', fileVersion: 10.0.19041.546
C:\WINDOWS\System32\SETUPAPI.dll:SETUPAPI.dll (00007FFBCB900000), size: 4624384 (result: 0), SymType: '-deferred-', PDB: '', fileVersion: 10.0.19041.844
C:\WINDOWS\SYSTEM32\VCRUNTIME140_1.dll:VCRUNTIME140_1.dll (00007FFBB2AD0000), size: 49152 (result: 0), SymType: '-deferred-', PDB: '', fileVersion: 14.28.29910.0
C:\WINDOWS\System32\cfgmgr32.dll:cfgmgr32.dll (00007FFBCAAC0000), size: 319488 (result: 0), SymType: '-deferred-', PDB: '', fileVersion: 10.0.19041.546
C:\WINDOWS\System32\bcrypt.dll:bcrypt.dll (00007FFBCA670000), size: 159744 (result: 0), SymType: '-deferred-', PDB: '', fileVersion: 10.0.19041.662
C:\WINDOWS\SYSTEM32\OPENGL32.dll:OPENGL32.dll (00007FFB8D2C0000), size: 1204224 (result: 0), SymType: '-deferred-', PDB: '', fileVersion: 10.0.19041.928
C:\WINDOWS\System32\OLEAUT32.dll:OLEAUT32.dll (00007FFBCAC20000), size: 839680 (result: 0), SymType: '-deferred-', PDB: '', fileVersion: 10.0.19041.985
C:\WINDOWS\System32\WINTRUST.dll:WINTRUST.dll (00007FFBCA570000), size: 393216 (result: 0), SymType: '-deferred-', PDB: '', fileVersion: 10.0.19041.804
C:\WINDOWS\SYSTEM32\GLU32.dll:GLU32.dll (00007FFBB5120000), size: 180224 (result: 0), SymType: '-deferred-', PDB: '', fileVersion: 10.0.19041.844
C:\WINDOWS\SYSTEM32\IPHLPAPI.DLL:IPHLPAPI.DLL (00007FFBC95C0000), size: 241664 (result: 0), SymType: '-deferred-', PDB: '', fileVersion: 10.0.19041.546
C:\WINDOWS\SYSTEM32\WINHTTP.dll:WINHTTP.dll (00007FFBC43F0000), size: 1093632 (result: 0), SymType: '-deferred-', PDB: '', fileVersion: 10.0.19041.906
C:\WINDOWS\SYSTEM32\WINMM.dll:WINMM.dll (00007FFBBA7A0000), size: 159744 (result: 0), SymType: '-deferred-', PDB: '', fileVersion: 10.0.19041.546
C:\WINDOWS\SYSTEM32\HID.DLL:HID.DLL (00007FFBC87C0000), size: 53248 (result: 0), SymType: '-deferred-', PDB: '', fileVersion: 10.0.19041.546
E:\UnityEditors\2020.3.1f1\Editor\RadeonImageFilters.dll:RadeonImageFilters.dll (00007FFB89F00000), size: 2535424 (result: 0), SymType: '-deferred-', PDB: '', fileVersion: 1.5.1.0
E:\UnityEditors\2020.3.1f1\Editor\SketchUpAPI.dll:SketchUpAPI.dll (00007FFB78C60000), size: 8978432 (result: 0), SymType: '-deferred-', PDB: '', fileVersion: 19.0.753.0
C:\WINDOWS\SYSTEM32\VERSION.dll:VERSION.dll (00007FFBC2CA0000), size: 40960 (result: 0), SymType: '-deferred-', PDB: '', fileVersion: 10.0.19041.546
E:\UnityEditors\2020.3.1f1\Editor\SketchUpCommonPreferences.dll:SketchUpCommonPreferences.dll (00007FFB9E7B0000), size: 483328 (result: 0), SymType: '-deferred-', PDB: '', fileVersion: 19.0.753.20342
C:\WINDOWS\SYSTEM32\WSOCK32.dll:WSOCK32.dll (00007FFBB8710000), size: 36864 (result: 0), SymType: '-deferred-', PDB: '', fileVersion: 10.0.19041.1
C:\WINDOWS\SYSTEM32\Secur32.dll:Secur32.dll (00007FFBB1230000), size: 49152 (result: 0), SymType: '-deferred-', PDB: '', fileVersion: 10.0.19041.546
C:\WINDOWS\SYSTEM32\SSPICLI.DLL:SSPICLI.DLL (00007FFBCA0B0000), size: 200704 (result: 0), SymType: '-deferred-', PDB: '', fileVersion: 10.0.19041.906
E:\UnityEditors\2020.3.1f1\Editor\OpenRL.dll:OpenRL.dll (00000197204A0000), size: 12779520 (result: 0), SymType: '-deferred-', PDB: '', fileVersion: 1.5.0.2907
E:\UnityEditors\2020.3.1f1\Editor\embree.dll:embree.dll (00007FFB5E040000), size: 16711680 (result: 0), SymType: '-deferred-', PDB: '', fileVersion: 2.14.0.0
C:\WINDOWS\SYSTEM32\MSVCR100.dll:MSVCR100.dll (0000000071650000), size: 860160 (result: 0), SymType: '-deferred-', PDB: '', fileVersion: 10.0.40219.325
C:\WINDOWS\SYSTEM32\MSVCP100.dll:MSVCP100.dll (00000000715B0000), size: 622592 (result: 0), SymType: '-deferred-', PDB: '', fileVersion: 10.0.40219.325
C:\WINDOWS\SYSTEM32\MSWSOCK.DLL:MSWSOCK.DLL (00007FFBC98E0000), size: 434176 (result: 0), SymType: '-deferred-', PDB: '', fileVersion: 10.0.19041.546
E:\UnityEditors\2020.3.1f1\Editor\OpenRL_pthread.dll:OpenRL_pthread.dll (00000197210F0000), size: 61440 (result: 0), SymType: '-deferred-', PDB: '', fileVersion: 2.9.0.0
C:\WINDOWS\SYSTEM32\MSASN1.dll:MSASN1.dll (00007FFBC9D10000), size: 73728 (result: 0), SymType: '-deferred-', PDB: '', fileVersion: 10.0.19041.546
C:\WINDOWS\SYSTEM32\kernel.appcore.dll:kernel.appcore.dll (00007FFBC8AD0000), size: 73728 (result: 0), SymType: '-deferred-', PDB: '', fileVersion: 10.0.19041.546
C:\WINDOWS\System32\bcryptPrimitives.dll:bcryptPrimitives.dll (00007FFBCA220000), size: 524288 (result: 0), SymType: '-deferred-', PDB: '', fileVersion: 10.0.19041.662
C:\WINDOWS\system32\uxtheme.dll:uxtheme.dll (00007FFBC6E40000), size: 647168 (result: 0), SymType: '-deferred-', PDB: '', fileVersion: 10.0.19041.746
C:\WINDOWS\System32\shcore.dll:shcore.dll (00007FFBCC9C0000), size: 712704 (result: 0), SymType: '-deferred-', PDB: '', fileVersion: 10.0.19041.964
C:\WINDOWS\SYSTEM32\windows.storage.dll:windows.storage.dll (00007FFBC7820000), size: 7929856 (result: 0), SymType: '-deferred-', PDB: '', fileVersion: 10.0.19041.964
C:\WINDOWS\SYSTEM32\Wldp.dll:Wldp.dll (00007FFBC9B90000), size: 180224 (result: 0), SymType: '-deferred-', PDB: '', fileVersion: 10.0.19041.662
C:\WINDOWS\SYSTEM32\profapi.dll:profapi.dll (00007FFBCA130000), size: 126976 (result: 0), SymType: '-deferred-', PDB: '', fileVersion: 10.0.19041.844
C:\WINDOWS\System32\clbcatq.dll:clbcatq.dll (00007FFBCC190000), size: 692224 (result: 0), SymType: '-deferred-', PDB: '', fileVersion: 2001.12.10941.16384
C:\WINDOWS\System32\netprofm.dll:netprofm.dll (00007FFBC4810000), size: 253952 (result: 0), SymType: '-deferred-', PDB: '', fileVersion: 10.0.19041.906
C:\WINDOWS\System32\npmproxy.dll:npmproxy.dll (00007FFBC1360000), size: 65536 (result: 0), SymType: '-deferred-', PDB: '', fileVersion: 10.0.19041.906
C:\WINDOWS\System32\NSI.dll:NSI.dll (00007FFBCC2A0000), size: 32768 (result: 0), SymType: '-deferred-', PDB: '', fileVersion: 10.0.19041.610
C:\WINDOWS\SYSTEM32\dhcpcsvc6.DLL:dhcpcsvc6.DLL (00007FFBC2D30000), size: 94208 (result: 0), SymType: '-deferred-', PDB: '', fileVersion: 10.0.19041.546
C:\WINDOWS\SYSTEM32\dhcpcsvc.DLL:dhcpcsvc.DLL (00007FFBC2D10000), size: 118784 (result: 0), SymType: '-deferred-', PDB: '', fileVersion: 10.0.19041.546
C:\WINDOWS\SYSTEM32\DNSAPI.dll:DNSAPI.dll (00007FFBC9600000), size: 835584 (result: 0), SymType: '-deferred-', PDB: '', fileVersion: 10.0.19041.928
C:\WINDOWS\System32\fwpuclnt.dll:fwpuclnt.dll (00007FFBBF640000), size: 520192 (result: 0), SymType: '-deferred-', PDB: '', fileVersion: 10.0.19041.964
C:\Windows\System32\rasadhlp.dll:rasadhlp.dll (00007FFBC1330000), size: 40960 (result: 0), SymType: '-deferred-', PDB: '', fileVersion: 10.0.19041.546
C:\WINDOWS\SYSTEM32\d3d11.dll:d3d11.dll (00007FFBC5330000), size: 2506752 (result: 0), SymType: '-deferred-', PDB: '', fileVersion: 10.0.19041.746
C:\WINDOWS\SYSTEM32\dxgi.dll:dxgi.dll (00007FFBC8AF0000), size: 999424 (result: 0), SymType: '-deferred-', PDB: '', fileVersion: 10.0.19041.964
C:\WINDOWS\System32\DriverStore\FileRepository\nv_dispi.inf_amd64_1c83a5d7cffd7bff\nvldumdx.dll:nvldumdx.dll (00007FFBBE590000), size: 1056768 (result: 0), SymType: '-deferred-', PDB: '', fileVersion: 27.21.14.5671
C:\WINDOWS\SYSTEM32\cryptnet.dll:cryptnet.dll (00007FFBC2BB0000), size: 200704 (result: 0), SymType: '-deferred-', PDB: '', fileVersion: 10.0.19041.906
C:\WINDOWS\System32\imagehlp.dll:imagehlp.dll (00007FFBCB4A0000), size: 118784 (result: 0), SymType: '-deferred-', PDB: '', fileVersion: 10.0.19041.546
C:\WINDOWS\SYSTEM32\CRYPTSP.dll:CRYPTSP.dll (00007FFBC9AE0000), size: 98304 (result: 0), SymType: '-deferred-', PDB: '', fileVersion: 10.0.19041.546
C:\WINDOWS\system32\rsaenh.dll:rsaenh.dll (00007FFBC9260000), size: 212992 (result: 0), SymType: '-deferred-', PDB: '', fileVersion: 10.0.19041.546
C:\WINDOWS\System32\DriverStore\FileRepository\nv_dispi.inf_amd64_1c83a5d7cffd7bff\nvwgf2umx.dll:nvwgf2umx.dll (00007FFB71FA0000), size: 44793856 (result: 0), SymType: '-deferred-', PDB: '', fileVersion: 27.21.14.5671
C:\WINDOWS\SYSTEM32\dxcore.dll:dxcore.dll (00007FFBC04C0000), size: 241664 (result: 0), SymType: '-deferred-', PDB: '', fileVersion: 10.0.19041.546
C:\WINDOWS\system32\wbem\wbemprox.dll:wbemprox.dll (00007FFBB9B70000), size: 69632 (result: 0), SymType: '-deferred-', PDB: '', fileVersion: 10.0.19041.844
C:\WINDOWS\SYSTEM32\wbemcomn.dll:wbemcomn.dll (00007FFBB9840000), size: 606208 (result: 0), SymType: '-deferred-', PDB: '', fileVersion: 10.0.19041.844
C:\WINDOWS\system32\wbem\wbemsvc.dll:wbemsvc.dll (00007FFBB9140000), size: 81920 (result: 0), SymType: '-deferred-', PDB: '', fileVersion: 10.0.19041.844
C:\WINDOWS\system32\wbem\fastprox.dll:fastprox.dll (00007FFBB93A0000), size: 1093632 (result: 0), SymType: '-deferred-', PDB: '', fileVersion: 10.0.19041.546
C:\WINDOWS\SYSTEM32\amsi.dll:amsi.dll (00007FFBB8D60000), size: 102400 (result: 0), SymType: '-deferred-', PDB: '', fileVersion: 10.0.19041.746
C:\WINDOWS\SYSTEM32\USERENV.dll:USERENV.dll (00007FFBCA0F0000), size: 188416 (result: 0), SymType: '-deferred-', PDB: '', fileVersion: 10.0.19041.572
C:\ProgramData\Microsoft\Windows Defender\platform\4.18.2104.14-0\MpOav.dll:MpOav.dll (00007FFBB8CE0000), size: 495616 (result: 0), SymType: '-deferred-', PDB: '', fileVersion: 4.18.2104.14
E:\UnityEditors\2020.3.1f1\Editor\cudart64_90.dll:cudart64_90.dll (00007FFB71470000), size: 397312 (result: 0), SymType: '-deferred-', PDB: '', fileVersion: 6.14.11.9000
C:\WINDOWS\SYSTEM32\opencl.dll:opencl.dll (00007FFB70F00000), size: 462848 (result: 0), SymType: '-deferred-', PDB: '', fileVersion: 2.2.5.0
E:\UnityEditors\2020.3.1f1\Editor\radeonrays.dll:radeonrays.dll (00007FFB6F240000), size: 552960 (result: 0), SymType: '-deferred-', PDB: ''
E:\UnityEditors\2020.3.1f1\Editor\Data\MonoBleedingEdge\EmbedRuntime\mono-2.0-bdwgc.dll:mono-2.0-bdwgc.dll (00007FFB5D0C0000), size: 7790592 (result: 0), SymType: '-deferred-', PDB: ''
C:\WINDOWS\System32\PSAPI.DLL:PSAPI.DLL (00007FFBCC800000), size: 32768 (result: 0), SymType: '-deferred-', PDB: '', fileVersion: 10.0.19041.546
C:\ProgramData\Microsoft\VisualStudio\Setup\x64\Microsoft.VisualStudio.Setup.Configuration.Native.dll:Microsoft.VisualStudio.Setup.Configuration.Native.dll (00007FFB74A70000), size: 327680 (result: 0), SymType: '-deferred-', PDB: '', fileVersion: 2.7.3111.17308
C:\WINDOWS\SYSTEM32\PROPSYS.dll:PROPSYS.dll (00007FFBC4E90000), size: 1011712 (result: 0), SymType: '-deferred-', PDB: '', fileVersion: 7.0.19041.867
C:\WINDOWS\WinSxS\amd64_microsoft.windows.common-controls_6595b64144ccf1df_6.0.19041.844_none_ca00b6081b84eb1d\comctl32.dll:comctl32.dll (00007FFBA8070000), size: 2727936 (result: 0), SymType: '-deferred-', PDB: '', fileVersion: 6.10.19041.844
C:\WINDOWS\SYSTEM32\WindowsCodecs.dll:WindowsCodecs.dll (00007FFBC3300000), size: 1785856 (result: 0), SymType: '-deferred-', PDB: '', fileVersion: 10.0.19041.928
C:\Windows\System32\thumbcache.dll:thumbcache.dll (00007FFBA73B0000), size: 417792 (result: 0), SymType: '-deferred-', PDB: '', fileVersion: 10.0.19041.746
C:\WINDOWS\SYSTEM32\policymanager.dll:policymanager.dll (00007FFBC4DE0000), size: 655360 (result: 0), SymType: '-deferred-', PDB: '', fileVersion: 10.0.19041.906
C:\WINDOWS\SYSTEM32\msvcp110_win.dll:msvcp110_win.dll (00007FFBC92F0000), size: 565248 (result: 0), SymType: '-deferred-', PDB: '', fileVersion: 10.0.19041.546
C:\WINDOWS\SYSTEM32\dbghelp.dll:dbghelp.dll (00007FFBC8890000), size: 1982464 (result: 0), SymType: '-deferred-', PDB: '', fileVersion: 10.0.19041.867

========== OUTPUTTING STACK TRACE ==================

0x00007FFBCA2D4B89 (KERNELBASE) RaiseException
0x00007FF7C69744CD (Unity) EditorMonoConsole::LogToConsoleImplementation
0x00007FF7C697541A (Unity) EditorMonoConsole::LogToConsoleImplementation
0x00007FF7C852B13E (Unity) DebugStringToFilePostprocessedStacktrace
0x00007FF7C852A6EF (Unity) DebugStringToFile
0x00007FF7C5778F5E (Unity) CachedReader::OutOfBoundsError
0x00007FF7C577D4A4 (Unity) CachedReader::UpdateReadCache
0x00007FF7C5E0963C (Unity) TransferField_NonArray<StreamedBinaryRead,Converter_String>
0x00007FF7C4663E46 (Unity) ExecuteSerializationCommands<ConfigSettingsRead>
0x00007FF7C58D4193 (Unity) TransferScriptingObject<StreamedBinaryRead,0>
0x00007FF7C58EFD2C (Unity) SerializableManagedRefTransfer::TransferBinaryInstanceOnly
0x00007FF7C58CF6E8 (Unity) SerializableManagedRefTransfer::RestoreBackupImpl<SerializableManagedRefBackupGenerator>
0x00007FF7C58CF58B (Unity) SerializableManagedRefTransfer::RestoreBackup<SerializableManagedRefBackupGenerator>
0x00007FF7C5E5437D (Unity) SerializableManagedRefsUtilities::RestoreBackups
0x00007FF7C5D98100 (Unity) MonoManager::EndReloadAssembly
0x00007FF7C5D9EFE9 (Unity) MonoManager::ReloadAssembly
0x00007FF7C7141341 (Unity) LoadDomainAndUserAssemblies
0x00007FF7C71417EE (Unity) LoadUserAssemblies
0x00007FF7C7574558 (Unity) <lambda_79a3ebc38cb5166d44d10a16a21fca24>::operator()
0x00007FF7C763F5E2 (Unity) asio::detail::completion_handler<core::mutable_function<void __cdecl(void)> >::do_complete
0x00007FF7C7641740 (Unity) asio::detail::win_iocp_io_service::do_one
0x00007FF7C7644ECE (Unity) asio::io_service::run
0x00007FF7C75BB0C0 (Unity) RunAssetImportWorkerClientV2
0x00007FF7C75BB110 (Unity) RunAssetImporterV2
0x00007FF7C6ACC3F6 (Unity) Application::InitializeProject
0x00007FF7C7447922 (Unity) WinMain
0x00007FF7C92BE0D6 (Unity) __scrt_common_main_seh
0x00007FFBCB857034 (KERNEL32) BaseThreadInitThunk
0x00007FFBCCB02651 (ntdll) RtlUserThreadStart

========== END OF STACKTRACE ===========

A crash has been intercepted by the crash handler. For call stack and other details, see the latest crash report generated in:
 * C:/Users/mcLC2/AppData/Local/Temp/Unity/Editor/Crashes
